Using pre-set license
Built from '2020.2/staging' branch; Version is '2020.2.7f1 (c53830e277f1) revision 12924976'; Using compiler version '192528614'; Build Type 'Release'
OS: 'Windows 10 Home; OS build 18363.1500; Version 1909; 64bit' Language: 'de' Physical Memory: 16343 MB
BatchMode: 1, IsHumanControllingUs: 0, StartBugReporterOnCrash: 0, Is64bit: 1, IsPro: 0

 COMMAND LINE ARGUMENTS:
C:\Program Files\Unity\Hub\Editor\2020.2.7f1\Editor\Unity.exe
-adb2
-batchMode
-noUpm
-name
AssetImportWorker0
-projectPath
D:/Kesepian/Projekte/GitHub/Strungerhulder
-logFile
Logs/AssetImportWorker0.log
-srvPort
51810
Successfully changed project path to: D:/Kesepian/Projekte/GitHub/Strungerhulder
D:/Kesepian/Projekte/GitHub/Strungerhulder
Using Asset Import Pipeline V2.
Refreshing native plugins compatible for Editor in 32.79 ms, found 0 plugins.
Preloading 0 native plugins for Editor in 0.00 ms.
Initialize engine version: 2020.2.7f1 (c53830e277f1)
[Subsystems] Discovering subsystems at path C:/Program Files/Unity/Hub/Editor/2020.2.7f1/Editor/Data/Resources/UnitySubsystems
[Subsystems] Discovering subsystems at path D:/Kesepian/Projekte/GitHub/Strungerhulder/Assets
GfxDevice: creating device client; threaded=0
Direct3D:
    Version:  Direct3D 11.0 [level 11.1]
    Renderer: NVIDIA GeForce GTX 1070 (ID=0x1b81)
    Vendor:   
    VRAM:     8088 MB
    Driver:   27.21.14.6627
Initialize mono
Mono path[0] = 'C:/Program Files/Unity/Hub/Editor/2020.2.7f1/Editor/Data/Managed'
Mono path[1] = 'C:/Program Files/Unity/Hub/Editor/2020.2.7f1/Editor/Data/MonoBleedingEdge/lib/mono/unityjit'
Mono config path = 'C:/Program Files/Unity/Hub/Editor/2020.2.7f1/Editor/Data/MonoBleedingEdge/etc'
Using monoOptions --debugger-agent=transport=dt_socket,embedding=1,server=y,suspend=n,address=127.0.0.1:56964
Begin MonoManager ReloadAssembly
Registering precompiled unity dll's ...
Register platform support module: C:/Program Files/Unity/Hub/Editor/2020.2.7f1/Editor/Data/PlaybackEngines/WindowsStandaloneSupport/UnityEditor.WindowsStandalone.Extensions.dll
Registered in 0.005217 seconds.
Native extension for WindowsStandalone target not found
Refreshing native plugins compatible for Editor in 31.65 ms, found 0 plugins.
Preloading 0 native plugins for Editor in 0.00 ms.
Invoked RoslynAnalysisRunner static constructor.
RoslynAnalysisRunner will not be running.
RoslynAnalysisRunner has terminated.
Mono: successfully reloaded assembly
- Completed reload, in  1.106 seconds
Platform modules already initialized, skipping
Registering precompiled user dll's ...
Registered in 0.001027 seconds.
Begin MonoManager ReloadAssembly
Native extension for WindowsStandalone target not found
Refreshing native plugins compatible for Editor in 30.15 ms, found 0 plugins.
Preloading 0 native plugins for Editor in 0.00 ms.
Invoked RoslynAnalysisRunner static constructor.
RoslynAnalysisRunner will not be running.
RoslynAnalysisRunner has terminated.
Mono: successfully reloaded assembly
- Completed reload, in  0.939 seconds
Platform modules already initialized, skipping
========================================================================
Worker process is ready to serve import requests
Launched and connected shader compiler UnityShaderCompiler.exe after 0.05 seconds
Refreshing native plugins compatible for Editor in 0.23 ms, found 0 plugins.
Preloading 0 native plugins for Editor in 0.00 ms.
Unloading 1432 Unused Serialized files (Serialized files now loaded: 0)
System memory in use before: 140.8 MB.
System memory in use after: 140.9 MB.

Unloading 12 unused Assets to reduce memory usage. Loaded Objects now: 1879.
Total: 1.684900 ms (FindLiveObjects: 0.139600 ms CreateObjectMapping: 0.060900 ms MarkObjects: 1.408100 ms  DeleteObjects: 0.075500 ms)

========================================================================
Received Import Request.
  path: Assets/InputSystem.inputsettings.asset
  artifactKey: Guid(4ae518c46444d15409302a3d7f60d9d8) Importer(815301076,1909f56bfc062723c751e8b465ee728b)
Start importing Assets/InputSystem.inputsettings.asset using Guid(4ae518c46444d15409302a3d7f60d9d8) Importer(815301076,1909f56bfc062723c751e8b465ee728b)  -> (artifact id: '471021486c6f4abce21d730f746e2898') in 0.053308 seconds
  Import took 0.055415 seconds .

========================================================================
Received Import Request.
  Time since last request: 2.298888 seconds.
  path: Assets/New Controls.inputactions
  artifactKey: Guid(df1032aec4d641949a68dd846a77c279) Importer(815301076,1909f56bfc062723c751e8b465ee728b)
Start importing Assets/New Controls.inputactions using Guid(df1032aec4d641949a68dd846a77c279) Importer(815301076,1909f56bfc062723c751e8b465ee728b)  -> (artifact id: '9bcdaad20ee162418852e7e0dde0b2bb') in 0.010974 seconds
  Import took 0.013019 seconds .

========================================================================
Received Import Request.
  Time since last request: 0.007051 seconds.
  path: Assets/New Controls.inputactions
  artifactKey: Guid(df1032aec4d641949a68dd846a77c279) Importer(815301076,1909f56bfc062723c751e8b465ee728b)
Start importing Assets/New Controls.inputactions using Guid(df1032aec4d641949a68dd846a77c279) Importer(815301076,1909f56bfc062723c751e8b465ee728b)  -> (artifact id: '9bcdaad20ee162418852e7e0dde0b2bb') in 0.005057 seconds
  Import took 0.007076 seconds .

========================================================================
Received Import Request.
  Time since last request: 40.408896 seconds.
  path: Assets/PlayerControls.inputactions
  artifactKey: Guid(df1032aec4d641949a68dd846a77c279) Importer(815301076,1909f56bfc062723c751e8b465ee728b)
Start importing Assets/PlayerControls.inputactions using Guid(df1032aec4d641949a68dd846a77c279) Importer(815301076,1909f56bfc062723c751e8b465ee728b)  -> (artifact id: '250e98db40786e19f8145b085cde449d') in 0.005561 seconds
  Import took 0.008070 seconds .

========================================================================
Received Import Request.
  Time since last request: 272.746725 seconds.
  path: Assets/Sun.cs
  artifactKey: Guid(4fd41e0796d23df4a85fd1441325a8e9) Importer(815301076,1909f56bfc062723c751e8b465ee728b)
Start importing Assets/Sun.cs using Guid(4fd41e0796d23df4a85fd1441325a8e9) Importer(815301076,1909f56bfc062723c751e8b465ee728b)  -> (artifact id: '6ffc886064c07d26a684e4999f9a5622') in 0.017108 seconds
  Import took 0.019099 seconds .

========================================================================
Received Import Request.
  Time since last request: 5.451658 seconds.
  path: Assets/PlayerActions.inputactions
  artifactKey: Guid(df1032aec4d641949a68dd846a77c279) Importer(815301076,1909f56bfc062723c751e8b465ee728b)
Start importing Assets/PlayerActions.inputactions using Guid(df1032aec4d641949a68dd846a77c279) Importer(815301076,1909f56bfc062723c751e8b465ee728b)  -> (artifact id: 'c95992afc77b6f11e6cb2aaaeebc6dce') in 0.005974 seconds
  Import took 0.008918 seconds .

========================================================================
Received Import Request.
  Time since last request: 156.044308 seconds.
  path: Assets/InputSystem.inputsettings.asset
  artifactKey: Guid(4ae518c46444d15409302a3d7f60d9d8) Importer(815301076,1909f56bfc062723c751e8b465ee728b)
Start importing Assets/InputSystem.inputsettings.asset using Guid(4ae518c46444d15409302a3d7f60d9d8) Importer(815301076,1909f56bfc062723c751e8b465ee728b)  -> (artifact id: 'a7ace49b2167b903285d1e1043d84ddd') in 0.005481 seconds
  Import took 0.008082 seconds .

========================================================================
Received Import Request.
  Time since last request: 2.817822 seconds.
  path: Assets/PlayerActions.inputactions
  artifactKey: Guid(df1032aec4d641949a68dd846a77c279) Importer(815301076,1909f56bfc062723c751e8b465ee728b)
Start importing Assets/PlayerActions.inputactions using Guid(df1032aec4d641949a68dd846a77c279) Importer(815301076,1909f56bfc062723c751e8b465ee728b)  -> (artifact id: 'ef658c59ebd57f6259f7edd4c1c238b4') in 0.006908 seconds
  Import took 0.009753 seconds .

========================================================================
Received Import Request.
  Time since last request: 229.803162 seconds.
  path: Assets/PlayerActions.inputactions
  artifactKey: Guid(df1032aec4d641949a68dd846a77c279) Importer(815301076,1909f56bfc062723c751e8b465ee728b)
Start importing Assets/PlayerActions.inputactions using Guid(df1032aec4d641949a68dd846a77c279) Importer(815301076,1909f56bfc062723c751e8b465ee728b)  -> (artifact id: 'aaa424f01fe08a683d74002dcb8012b9') in 0.007468 seconds
  Import took 0.010418 seconds .

========================================================================
Received Import Request.
  Time since last request: 510.847002 seconds.
  path: Assets/OutlineEffect/Samples/Demo/Content/at.png
  artifactKey: Guid(22aa22e2a78c67541adedf2369b88d68) Importer(815301076,1909f56bfc062723c751e8b465ee728b)
Start importing Assets/OutlineEffect/Samples/Demo/Content/at.png using Guid(22aa22e2a78c67541adedf2369b88d68) Importer(815301076,1909f56bfc062723c751e8b465ee728b)  -> (artifact id: 'ece1e6e078a0199dc15305e28d7d93c7') in 0.246945 seconds
  Import took 0.249591 seconds .

========================================================================
Received Import Request.
  Time since last request: 0.000204 seconds.
  path: Assets/Kevin Iglesias/Basic Motions/Animations/Movement/BasicMotions@Jump01.fbx
  artifactKey: Guid(067cc188e25b78b4a940a9fa67cd6ee7) Importer(815301076,1909f56bfc062723c751e8b465ee728b)
Start importing Assets/Kevin Iglesias/Basic Motions/Animations/Movement/BasicMotions@Jump01.fbx using Guid(067cc188e25b78b4a940a9fa67cd6ee7) Importer(815301076,1909f56bfc062723c751e8b465ee728b)  -> (artifact id: '4029031e9f05a00f6792f6cdfe3f6afa') in 0.065185 seconds
  Import took 0.068945 seconds .

========================================================================
Received Import Request.
  Time since last request: 0.000223 seconds.
  path: Assets/Kevin Iglesias/Basic Motions/Animations/Movement/BasicMotions@Run01 [RM].fbx
  artifactKey: Guid(154a724602422044c91070a5f3c67c11) Importer(815301076,1909f56bfc062723c751e8b465ee728b)
Start importing Assets/Kevin Iglesias/Basic Motions/Animations/Movement/BasicMotions@Run01 [RM].fbx using Guid(154a724602422044c91070a5f3c67c11) Importer(815301076,1909f56bfc062723c751e8b465ee728b)  -> (artifact id: 'fac70cee228944e05665a0a26f60acbe') in 0.073321 seconds
  Import took 0.076799 seconds .

========================================================================
Received Import Request.
  Time since last request: 0.000224 seconds.
  path: Assets/Kevin Iglesias/Basic Motions/Animations/Movement/BasicMotions@Jump01.fbx
  artifactKey: Guid(067cc188e25b78b4a940a9fa67cd6ee7) Importer(815301076,1909f56bfc062723c751e8b465ee728b)
Start importing Assets/Kevin Iglesias/Basic Motions/Animations/Movement/BasicMotions@Jump01.fbx using Guid(067cc188e25b78b4a940a9fa67cd6ee7) Importer(815301076,1909f56bfc062723c751e8b465ee728b)  -> (artifact id: '4029031e9f05a00f6792f6cdfe3f6afa') in 0.009907 seconds
  Import took 0.012449 seconds .

========================================================================
Received Import Request.
  Time since last request: 0.000228 seconds.
  path: Assets/OutlineEffect/Samples/Demo/Content/at.mat
  artifactKey: Guid(679bf00aa6eb6464ebdaae3778b20b62) Importer(815301076,1909f56bfc062723c751e8b465ee728b)
Start importing Assets/OutlineEffect/Samples/Demo/Content/at.mat using Guid(679bf00aa6eb6464ebdaae3778b20b62) Importer(815301076,1909f56bfc062723c751e8b465ee728b)  -> (artifact id: '7e9ace65d652dfbeb54ef28ef9d0d012') in 0.312748 seconds
  Import took 0.314917 seconds .

========================================================================
Received Import Request.
  Time since last request: 0.000225 seconds.
  path: Assets/Kevin Iglesias/Basic Motions/Animations/Movement/BasicMotions@Run01.fbx
  artifactKey: Guid(46d5b47e60163f148ada32ff97c7aa32) Importer(815301076,1909f56bfc062723c751e8b465ee728b)
Start importing Assets/Kevin Iglesias/Basic Motions/Animations/Movement/BasicMotions@Run01.fbx using Guid(46d5b47e60163f148ada32ff97c7aa32) Importer(815301076,1909f56bfc062723c751e8b465ee728b)  -> (artifact id: '35056f86430773e80eff0cf67da4111f') in 0.028411 seconds
  Import took 0.031456 seconds .

========================================================================
Received Prepare
Registering precompiled user dll's ...
Registered in 0.000929 seconds.
Begin MonoManager ReloadAssembly
Native extension for WindowsStandalone target not found
Refreshing native plugins compatible for Editor in 0.23 ms, found 0 plugins.
Preloading 0 native plugins for Editor in 0.00 ms.
Invoked RoslynAnalysisRunner static constructor.
RoslynAnalysisRunner will not be running.
RoslynAnalysisRunner has terminated.
Mono: successfully reloaded assembly
- Completed reload, in  0.863 seconds
Platform modules already initialized, skipping
Refreshing native plugins compatible for Editor in 0.22 ms, found 0 plugins.
Preloading 0 native plugins for Editor in 0.00 ms.
Unloading 1423 Unused Serialized files (Serialized files now loaded: 0)
System memory in use before: 144.0 MB.
System memory in use after: 144.1 MB.

Unloading 5 unused Assets to reduce memory usage. Loaded Objects now: 1924.
Total: 1.525700 ms (FindLiveObjects: 0.132300 ms CreateObjectMapping: 0.045000 ms MarkObjects: 1.304300 ms  DeleteObjects: 0.043300 ms)

========================================================================
Received Prepare
Registering precompiled user dll's ...
Registered in 0.000908 seconds.
Begin MonoManager ReloadAssembly
Native extension for WindowsStandalone target not found
Refreshing native plugins compatible for Editor in 0.23 ms, found 0 plugins.
Preloading 0 native plugins for Editor in 0.00 ms.
Invoked RoslynAnalysisRunner static constructor.
RoslynAnalysisRunner will not be running.
RoslynAnalysisRunner has terminated.
Mono: successfully reloaded assembly
- Completed reload, in  0.851 seconds
Platform modules already initialized, skipping
Refreshing native plugins compatible for Editor in 0.23 ms, found 0 plugins.
Preloading 0 native plugins for Editor in 0.00 ms.
Unloading 1423 Unused Serialized files (Serialized files now loaded: 0)
System memory in use before: 144.1 MB.
System memory in use after: 144.2 MB.

Unloading 5 unused Assets to reduce memory usage. Loaded Objects now: 1927.
Total: 2.397500 ms (FindLiveObjects: 0.196000 ms CreateObjectMapping: 0.060600 ms MarkObjects: 2.091300 ms  DeleteObjects: 0.048300 ms)

========================================================================
Received Prepare
Registering precompiled user dll's ...
Registered in 0.000925 seconds.
Begin MonoManager ReloadAssembly
Native extension for WindowsStandalone target not found
Refreshing native plugins compatible for Editor in 0.36 ms, found 0 plugins.
Preloading 0 native plugins for Editor in 0.00 ms.
Invoked RoslynAnalysisRunner static constructor.
RoslynAnalysisRunner will not be running.
RoslynAnalysisRunner has terminated.
Mono: successfully reloaded assembly
- Completed reload, in  1.220 seconds
Platform modules already initialized, skipping
Refreshing native plugins compatible for Editor in 0.34 ms, found 0 plugins.
Preloading 0 native plugins for Editor in 0.00 ms.
Unloading 1423 Unused Serialized files (Serialized files now loaded: 0)
System memory in use before: 144.1 MB.
System memory in use after: 144.2 MB.

Unloading 5 unused Assets to reduce memory usage. Loaded Objects now: 1930.
Total: 3.664500 ms (FindLiveObjects: 0.149400 ms CreateObjectMapping: 0.049700 ms MarkObjects: 3.237300 ms  DeleteObjects: 0.226300 ms)

========================================================================
Received Prepare
Registering precompiled user dll's ...
Registered in 0.001123 seconds.
Begin MonoManager ReloadAssembly
Native extension for WindowsStandalone target not found
Refreshing native plugins compatible for Editor in 0.22 ms, found 0 plugins.
Preloading 0 native plugins for Editor in 0.00 ms.
Invoked RoslynAnalysisRunner static constructor.
RoslynAnalysisRunner will not be running.
RoslynAnalysisRunner has terminated.
Mono: successfully reloaded assembly
- Completed reload, in  0.853 seconds
Platform modules already initialized, skipping
Refreshing native plugins compatible for Editor in 0.23 ms, found 0 plugins.
Preloading 0 native plugins for Editor in 0.00 ms.
Unloading 1423 Unused Serialized files (Serialized files now loaded: 0)
System memory in use before: 144.1 MB.
System memory in use after: 144.2 MB.

Unloading 5 unused Assets to reduce memory usage. Loaded Objects now: 1933.
Total: 1.635000 ms (FindLiveObjects: 0.135200 ms CreateObjectMapping: 0.044900 ms MarkObjects: 1.407800 ms  DeleteObjects: 0.045800 ms)

========================================================================
Received Prepare
Registering precompiled user dll's ...
Registered in 0.000910 seconds.
Begin MonoManager ReloadAssembly
Native extension for WindowsStandalone target not found
Refreshing native plugins compatible for Editor in 0.24 ms, found 0 plugins.
Preloading 0 native plugins for Editor in 0.00 ms.
Invoked RoslynAnalysisRunner static constructor.
RoslynAnalysisRunner will not be running.
RoslynAnalysisRunner has terminated.
Mono: successfully reloaded assembly
- Completed reload, in  0.957 seconds
Platform modules already initialized, skipping
Refreshing native plugins compatible for Editor in 0.30 ms, found 0 plugins.
Preloading 0 native plugins for Editor in 0.00 ms.
Unloading 1423 Unused Serialized files (Serialized files now loaded: 0)
System memory in use before: 144.1 MB.
System memory in use after: 144.2 MB.

Unloading 5 unused Assets to reduce memory usage. Loaded Objects now: 1936.
Total: 1.646800 ms (FindLiveObjects: 0.136900 ms CreateObjectMapping: 0.047500 ms MarkObjects: 1.415500 ms  DeleteObjects: 0.045800 ms)

========================================================================
Received Prepare
Registering precompiled user dll's ...
Registered in 0.000936 seconds.
Begin MonoManager ReloadAssembly
Native extension for WindowsStandalone target not found
Refreshing native plugins compatible for Editor in 0.23 ms, found 0 plugins.
Preloading 0 native plugins for Editor in 0.00 ms.
Invoked RoslynAnalysisRunner static constructor.
RoslynAnalysisRunner will not be running.
RoslynAnalysisRunner has terminated.
Mono: successfully reloaded assembly
- Completed reload, in  0.876 seconds
Platform modules already initialized, skipping
Refreshing native plugins compatible for Editor in 0.23 ms, found 0 plugins.
Preloading 0 native plugins for Editor in 0.00 ms.
Unloading 1423 Unused Serialized files (Serialized files now loaded: 0)
System memory in use before: 144.1 MB.
System memory in use after: 144.2 MB.

Unloading 5 unused Assets to reduce memory usage. Loaded Objects now: 1939.
Total: 1.684300 ms (FindLiveObjects: 0.127100 ms CreateObjectMapping: 0.041200 ms MarkObjects: 1.468500 ms  DeleteObjects: 0.046400 ms)

========================================================================
Received Prepare
Registering precompiled user dll's ...
Registered in 0.000936 seconds.
Begin MonoManager ReloadAssembly
Native extension for WindowsStandalone target not found
Refreshing native plugins compatible for Editor in 0.25 ms, found 0 plugins.
Preloading 0 native plugins for Editor in 0.00 ms.
Invoked RoslynAnalysisRunner static constructor.
RoslynAnalysisRunner will not be running.
RoslynAnalysisRunner has terminated.
Mono: successfully reloaded assembly
- Completed reload, in  0.884 seconds
Platform modules already initialized, skipping
Refreshing native plugins compatible for Editor in 0.25 ms, found 0 plugins.
Preloading 0 native plugins for Editor in 0.00 ms.
Unloading 1423 Unused Serialized files (Serialized files now loaded: 0)
System memory in use before: 144.1 MB.
System memory in use after: 144.2 MB.

Unloading 5 unused Assets to reduce memory usage. Loaded Objects now: 1942.
Total: 3.150300 ms (FindLiveObjects: 0.392300 ms CreateObjectMapping: 0.088800 ms MarkObjects: 2.611500 ms  DeleteObjects: 0.056000 ms)

========================================================================
Received Import Request.
  Time since last request: 1898.814687 seconds.
  path: Assets/PlayerActions.inputactions
  artifactKey: Guid(df1032aec4d641949a68dd846a77c279) Importer(815301076,1909f56bfc062723c751e8b465ee728b)
Start importing Assets/PlayerActions.inputactions using Guid(df1032aec4d641949a68dd846a77c279) Importer(815301076,1909f56bfc062723c751e8b465ee728b)  -> (artifact id: '6ca8e8f4597a384f42c63216fa84cca3') in 0.021356 seconds
  Import took 0.024431 seconds .

========================================================================
Received Import Request.
  Time since last request: 6.899407 seconds.
  path: Assets/InputActions.inputactions
  artifactKey: Guid(df1032aec4d641949a68dd846a77c279) Importer(815301076,1909f56bfc062723c751e8b465ee728b)
Start importing Assets/InputActions.inputactions using Guid(df1032aec4d641949a68dd846a77c279) Importer(815301076,1909f56bfc062723c751e8b465ee728b)  -> (artifact id: 'c86ae74913d96ecab02b65042b5423cd') in 0.007565 seconds
  Import took 0.010136 seconds .

========================================================================
Received Import Request.
  Time since last request: 96.778418 seconds.
  path: Assets/Kevin Iglesias/Basic Motions/Animations/Movement/BasicMotions@Sprint01.fbx
  artifactKey: Guid(98d8219075968bd43b75fdba6b4463d3) Importer(815301076,1909f56bfc062723c751e8b465ee728b)
Start importing Assets/Kevin Iglesias/Basic Motions/Animations/Movement/BasicMotions@Sprint01.fbx using Guid(98d8219075968bd43b75fdba6b4463d3) Importer(815301076,1909f56bfc062723c751e8b465ee728b)  -> (artifact id: '6e2399f555bf9ec84a80afd0f6fb5069') in 0.053068 seconds
  Import took 0.056144 seconds .

========================================================================
Received Import Request.
  Time since last request: 0.000204 seconds.
  path: Assets/Kevin Iglesias/Basic Motions/Animations/Movement/BasicMotions@Sprint01 [RM].fbx
  artifactKey: Guid(7eebd174ff53112419b27f9d903573d7) Importer(815301076,1909f56bfc062723c751e8b465ee728b)
Start importing Assets/Kevin Iglesias/Basic Motions/Animations/Movement/BasicMotions@Sprint01 [RM].fbx using Guid(7eebd174ff53112419b27f9d903573d7) Importer(815301076,1909f56bfc062723c751e8b465ee728b)  -> (artifact id: '6f71107eade954b86bda70a2138e74c1') in 0.066729 seconds
  Import took 0.069358 seconds .

========================================================================
Received Import Request.
  Time since last request: 0.000203 seconds.
  path: Assets/Kevin Iglesias/Basic Motions/Animations/Movement/BasicMotions@Sprint01.fbx
  artifactKey: Guid(98d8219075968bd43b75fdba6b4463d3) Importer(815301076,1909f56bfc062723c751e8b465ee728b)
Start importing Assets/Kevin Iglesias/Basic Motions/Animations/Movement/BasicMotions@Sprint01.fbx using Guid(98d8219075968bd43b75fdba6b4463d3) Importer(815301076,1909f56bfc062723c751e8b465ee728b)  -> (artifact id: '6e2399f555bf9ec84a80afd0f6fb5069') in 0.009657 seconds
  Import took 0.012208 seconds .

========================================================================
Received Import Request.
  Time since last request: 0.000232 seconds.
  path: Assets/Kevin Iglesias/Basic Motions/Animations/Movement/BasicMotions@Walk01 [RM].fbx
  artifactKey: Guid(bd1c2e9064da28e4fb0fe4a3f6ff4e33) Importer(815301076,1909f56bfc062723c751e8b465ee728b)
Start importing Assets/Kevin Iglesias/Basic Motions/Animations/Movement/BasicMotions@Walk01 [RM].fbx using Guid(bd1c2e9064da28e4fb0fe4a3f6ff4e33) Importer(815301076,1909f56bfc062723c751e8b465ee728b)  -> (artifact id: '297c07b0800efbd012f7c47cb15aef5a') in 0.082829 seconds
  Import took 0.086084 seconds .

========================================================================
Received Import Request.
  Time since last request: 0.000244 seconds.
  path: Assets/Kevin Iglesias/Basic Motions/Animations/Movement/BasicMotions@Walk01.fbx
  artifactKey: Guid(0536f044bd409ff419dd726bc69d2676) Importer(815301076,1909f56bfc062723c751e8b465ee728b)
Start importing Assets/Kevin Iglesias/Basic Motions/Animations/Movement/BasicMotions@Walk01.fbx using Guid(0536f044bd409ff419dd726bc69d2676) Importer(815301076,1909f56bfc062723c751e8b465ee728b)  -> (artifact id: '0326fefb22881b04f60d019096175892') in 0.028821 seconds
  Import took 0.032458 seconds .

========================================================================
Received Import Request.
  Time since last request: 0.000140 seconds.
  path: Assets/Kevin Iglesias/Basic Motions/Animations/Movement/BasicMotions@Sprint01 [RM].fbx
  artifactKey: Guid(7eebd174ff53112419b27f9d903573d7) Importer(815301076,1909f56bfc062723c751e8b465ee728b)
Start importing Assets/Kevin Iglesias/Basic Motions/Animations/Movement/BasicMotions@Sprint01 [RM].fbx using Guid(7eebd174ff53112419b27f9d903573d7) Importer(815301076,1909f56bfc062723c751e8b465ee728b)  -> (artifact id: '6f71107eade954b86bda70a2138e74c1') in 0.010939 seconds
  Import took 0.013635 seconds .

========================================================================
Received Prepare
Registering precompiled user dll's ...
Registered in 0.000947 seconds.
Begin MonoManager ReloadAssembly
Native extension for WindowsStandalone target not found
Refreshing native plugins compatible for Editor in 0.22 ms, found 0 plugins.
Preloading 0 native plugins for Editor in 0.00 ms.
Invoked RoslynAnalysisRunner static constructor.
RoslynAnalysisRunner will not be running.
RoslynAnalysisRunner has terminated.
Mono: successfully reloaded assembly
- Completed reload, in  0.881 seconds
Platform modules already initialized, skipping
Refreshing native plugins compatible for Editor in 0.23 ms, found 0 plugins.
Preloading 0 native plugins for Editor in 0.00 ms.
Unloading 1423 Unused Serialized files (Serialized files now loaded: 0)
System memory in use before: 144.2 MB.
System memory in use after: 144.3 MB.

Unloading 5 unused Assets to reduce memory usage. Loaded Objects now: 1945.
Total: 1.735500 ms (FindLiveObjects: 0.131300 ms CreateObjectMapping: 0.040100 ms MarkObjects: 1.518700 ms  DeleteObjects: 0.044400 ms)

========================================================================
Received Prepare
Registering precompiled user dll's ...
Registered in 0.001036 seconds.
Begin MonoManager ReloadAssembly
Native extension for WindowsStandalone target not found
Refreshing native plugins compatible for Editor in 0.31 ms, found 0 plugins.
Preloading 0 native plugins for Editor in 0.00 ms.
Invoked RoslynAnalysisRunner static constructor.
RoslynAnalysisRunner will not be running.
RoslynAnalysisRunner has terminated.
Mono: successfully reloaded assembly
- Completed reload, in  0.878 seconds
Platform modules already initialized, skipping
Refreshing native plugins compatible for Editor in 0.23 ms, found 0 plugins.
Preloading 0 native plugins for Editor in 0.00 ms.
Unloading 1423 Unused Serialized files (Serialized files now loaded: 0)
System memory in use before: 144.2 MB.
System memory in use after: 144.3 MB.

Unloading 5 unused Assets to reduce memory usage. Loaded Objects now: 1948.
Total: 1.543100 ms (FindLiveObjects: 0.133300 ms CreateObjectMapping: 0.042400 ms MarkObjects: 1.323000 ms  DeleteObjects: 0.043300 ms)

========================================================================
Received Import Request.
  Time since last request: 397.743412 seconds.
  path: Assets/PlayerActions.inputactions
  artifactKey: Guid(df1032aec4d641949a68dd846a77c279) Importer(815301076,1909f56bfc062723c751e8b465ee728b)
Start importing Assets/PlayerActions.inputactions using Guid(df1032aec4d641949a68dd846a77c279) Importer(815301076,1909f56bfc062723c751e8b465ee728b)  -> (artifact id: '0794076ff1c9586d8ae3c0cd91eb8905') in 0.024270 seconds
  Import took 0.027179 seconds .

========================================================================
Received Import Request.
  Time since last request: 2.418063 seconds.
  path: Assets/PlayerActions.inputactions
  artifactKey: Guid(df1032aec4d641949a68dd846a77c279) Importer(815301076,1909f56bfc062723c751e8b465ee728b)
Start importing Assets/PlayerActions.inputactions using Guid(df1032aec4d641949a68dd846a77c279) Importer(815301076,1909f56bfc062723c751e8b465ee728b)  -> (artifact id: '995bb323b0badbd0d94e607f4f76e0eb') in 0.007554 seconds
  Import took 0.010441 seconds .

========================================================================
Received Import Request.
  Time since last request: 16.974635 seconds.
  path: Assets/PlayerActions.inputactions
  artifactKey: Guid(df1032aec4d641949a68dd846a77c279) Importer(815301076,1909f56bfc062723c751e8b465ee728b)
Start importing Assets/PlayerActions.inputactions using Guid(df1032aec4d641949a68dd846a77c279) Importer(815301076,1909f56bfc062723c751e8b465ee728b)  -> (artifact id: 'ff3bf78e27ac1b6c11c744350b46b036') in 0.006975 seconds
  Import took 0.009506 seconds .

========================================================================
Received Import Request.
  Time since last request: 3.424524 seconds.
  path: Assets/PlayerActions.inputactions
  artifactKey: Guid(df1032aec4d641949a68dd846a77c279) Importer(815301076,1909f56bfc062723c751e8b465ee728b)
Start importing Assets/PlayerActions.inputactions using Guid(df1032aec4d641949a68dd846a77c279) Importer(815301076,1909f56bfc062723c751e8b465ee728b)  -> (artifact id: 'fa9e144dfcc876dbab39fb23293b691f') in 0.007399 seconds
  Import took 0.010054 seconds .

========================================================================
Received Prepare
Registering precompiled user dll's ...
Registered in 0.001733 seconds.
Begin MonoManager ReloadAssembly
Native extension for WindowsStandalone target not found
Refreshing native plugins compatible for Editor in 0.23 ms, found 0 plugins.
Preloading 0 native plugins for Editor in 0.00 ms.
Invoked RoslynAnalysisRunner static constructor.
RoslynAnalysisRunner will not be running.
RoslynAnalysisRunner has terminated.
Mono: successfully reloaded assembly
- Completed reload, in  0.837 seconds
Platform modules already initialized, skipping
Refreshing native plugins compatible for Editor in 0.23 ms, found 0 plugins.
Preloading 0 native plugins for Editor in 0.00 ms.
Unloading 1423 Unused Serialized files (Serialized files now loaded: 0)
System memory in use before: 144.2 MB.
System memory in use after: 144.3 MB.

Unloading 5 unused Assets to reduce memory usage. Loaded Objects now: 1951.
Total: 1.731600 ms (FindLiveObjects: 0.147800 ms CreateObjectMapping: 0.049500 ms MarkObjects: 1.487500 ms  DeleteObjects: 0.045800 ms)

========================================================================
Received Import Request.
  Time since last request: 23.796558 seconds.
  path: Assets/PlayerActions.inputactions
  artifactKey: Guid(df1032aec4d641949a68dd846a77c279) Importer(815301076,1909f56bfc062723c751e8b465ee728b)
Start importing Assets/PlayerActions.inputactions using Guid(df1032aec4d641949a68dd846a77c279) Importer(815301076,1909f56bfc062723c751e8b465ee728b)  -> (artifact id: '8c8454d179fc5ef0ede50ae7b35cb04a') in 0.017515 seconds
  Import took 0.019649 seconds .

========================================================================
Received Import Request.
  Time since last request: 0.195836 seconds.
  path: Assets/PlayerActions.inputactions
  artifactKey: Guid(df1032aec4d641949a68dd846a77c279) Importer(815301076,1909f56bfc062723c751e8b465ee728b)
Start importing Assets/PlayerActions.inputactions using Guid(df1032aec4d641949a68dd846a77c279) Importer(815301076,1909f56bfc062723c751e8b465ee728b)  -> (artifact id: '848063ea7a3cc5e5ba5859dc15d666c7') in 0.007024 seconds
  Import took 0.009971 seconds .

========================================================================
Received Import Request.
  Time since last request: 1.856998 seconds.
  path: Assets/PlayerActions.inputactions
  artifactKey: Guid(df1032aec4d641949a68dd846a77c279) Importer(815301076,1909f56bfc062723c751e8b465ee728b)
Start importing Assets/PlayerActions.inputactions using Guid(df1032aec4d641949a68dd846a77c279) Importer(815301076,1909f56bfc062723c751e8b465ee728b)  -> (artifact id: 'f900d730e8720a3a2266e536ff4e1e0d') in 0.007249 seconds
  Import took 0.009726 seconds .

========================================================================
Received Import Request.
  Time since last request: 4.707729 seconds.
  path: Assets/PlayerActions.inputactions
  artifactKey: Guid(df1032aec4d641949a68dd846a77c279) Importer(815301076,1909f56bfc062723c751e8b465ee728b)
Start importing Assets/PlayerActions.inputactions using Guid(df1032aec4d641949a68dd846a77c279) Importer(815301076,1909f56bfc062723c751e8b465ee728b)  -> (artifact id: '3626778e26017392737f0003da8c1abd') in 0.016804 seconds
  Import took 0.020391 seconds .

========================================================================
Received Prepare
Registering precompiled user dll's ...
Registered in 0.001409 seconds.
Begin MonoManager ReloadAssembly
Native extension for WindowsStandalone target not found
Refreshing native plugins compatible for Editor in 0.24 ms, found 0 plugins.
Preloading 0 native plugins for Editor in 0.00 ms.
Invoked RoslynAnalysisRunner static constructor.
RoslynAnalysisRunner will not be running.
RoslynAnalysisRunner has terminated.
Mono: successfully reloaded assembly
- Completed reload, in  0.839 seconds
Platform modules already initialized, skipping
Refreshing native plugins compatible for Editor in 0.23 ms, found 0 plugins.
Preloading 0 native plugins for Editor in 0.00 ms.
Unloading 1423 Unused Serialized files (Serialized files now loaded: 0)
System memory in use before: 144.2 MB.
System memory in use after: 144.3 MB.

Unloading 5 unused Assets to reduce memory usage. Loaded Objects now: 1954.
Total: 1.510800 ms (FindLiveObjects: 0.136400 ms CreateObjectMapping: 0.045600 ms MarkObjects: 1.284800 ms  DeleteObjects: 0.043200 ms)

========================================================================
Received Import Request.
  Time since last request: 15.658273 seconds.
  path: Assets/PlayerActions.inputactions
  artifactKey: Guid(df1032aec4d641949a68dd846a77c279) Importer(815301076,1909f56bfc062723c751e8b465ee728b)
Start importing Assets/PlayerActions.inputactions using Guid(df1032aec4d641949a68dd846a77c279) Importer(815301076,1909f56bfc062723c751e8b465ee728b)  -> (artifact id: '145ce1df170fd6fd6c13eddfb914f40d') in 0.022236 seconds
  Import took 0.024593 seconds .

========================================================================
Received Import Request.
  Time since last request: 1.542129 seconds.
  path: Assets/PlayerActions.inputactions
  artifactKey: Guid(df1032aec4d641949a68dd846a77c279) Importer(815301076,1909f56bfc062723c751e8b465ee728b)
Start importing Assets/PlayerActions.inputactions using Guid(df1032aec4d641949a68dd846a77c279) Importer(815301076,1909f56bfc062723c751e8b465ee728b)  -> (artifact id: 'e0d04045d75603b0fa880f745b626a08') in 0.007497 seconds
  Import took 0.010871 seconds .

========================================================================
Received Prepare
Registering precompiled user dll's ...
Registered in 0.000952 seconds.
Begin MonoManager ReloadAssembly
Native extension for WindowsStandalone target not found
Refreshing native plugins compatible for Editor in 0.23 ms, found 0 plugins.
Preloading 0 native plugins for Editor in 0.00 ms.
Invoked RoslynAnalysisRunner static constructor.
RoslynAnalysisRunner will not be running.
RoslynAnalysisRunner has terminated.
Mono: successfully reloaded assembly
- Completed reload, in  1.273 seconds
Platform modules already initialized, skipping
Refreshing native plugins compatible for Editor in 0.27 ms, found 0 plugins.
Preloading 0 native plugins for Editor in 0.00 ms.
Unloading 1423 Unused Serialized files (Serialized files now loaded: 0)
System memory in use before: 144.2 MB.
System memory in use after: 144.3 MB.

Unloading 5 unused Assets to reduce memory usage. Loaded Objects now: 1957.
Total: 2.946200 ms (FindLiveObjects: 0.344400 ms CreateObjectMapping: 0.097200 ms MarkObjects: 2.454700 ms  DeleteObjects: 0.048600 ms)

========================================================================
Received Import Request.
  Time since last request: 65.894479 seconds.
  path: Assets/PlayerActions.inputactions
  artifactKey: Guid(df1032aec4d641949a68dd846a77c279) Importer(815301076,1909f56bfc062723c751e8b465ee728b)
Start importing Assets/PlayerActions.inputactions using Guid(df1032aec4d641949a68dd846a77c279) Importer(815301076,1909f56bfc062723c751e8b465ee728b)  -> (artifact id: 'ec8cb662bab1b9ffedea5e2df59222da') in 0.032006 seconds
  Import took 0.036243 seconds .

========================================================================
Received Prepare
Registering precompiled user dll's ...
Registered in 0.000926 seconds.
Begin MonoManager ReloadAssembly
Native extension for WindowsStandalone target not found
Refreshing native plugins compatible for Editor in 0.97 ms, found 0 plugins.
Preloading 0 native plugins for Editor in 0.00 ms.
Invoked RoslynAnalysisRunner static constructor.
RoslynAnalysisRunner will not be running.
RoslynAnalysisRunner has terminated.
Mono: successfully reloaded assembly
- Completed reload, in  1.092 seconds
Platform modules already initialized, skipping
Refreshing native plugins compatible for Editor in 0.41 ms, found 0 plugins.
Preloading 0 native plugins for Editor in 0.00 ms.
Unloading 1423 Unused Serialized files (Serialized files now loaded: 0)
System memory in use before: 144.3 MB.
System memory in use after: 144.4 MB.

Unloading 5 unused Assets to reduce memory usage. Loaded Objects now: 1960.
Total: 2.266000 ms (FindLiveObjects: 0.178200 ms CreateObjectMapping: 0.051600 ms MarkObjects: 1.967100 ms  DeleteObjects: 0.067500 ms)

========================================================================
Received Prepare
Registering precompiled user dll's ...
Registered in 0.001432 seconds.
Begin MonoManager ReloadAssembly
Native extension for WindowsStandalone target not found
Refreshing native plugins compatible for Editor in 0.22 ms, found 0 plugins.
Preloading 0 native plugins for Editor in 0.00 ms.
Invoked RoslynAnalysisRunner static constructor.
RoslynAnalysisRunner will not be running.
RoslynAnalysisRunner has terminated.
Mono: successfully reloaded assembly
- Completed reload, in  1.058 seconds
Platform modules already initialized, skipping
Refreshing native plugins compatible for Editor in 0.26 ms, found 0 plugins.
Preloading 0 native plugins for Editor in 0.00 ms.
Unloading 1423 Unused Serialized files (Serialized files now loaded: 0)
System memory in use before: 144.3 MB.
System memory in use after: 144.4 MB.

Unloading 5 unused Assets to reduce memory usage. Loaded Objects now: 1963.
Total: 1.870700 ms (FindLiveObjects: 0.141400 ms CreateObjectMapping: 0.046300 ms MarkObjects: 1.620900 ms  DeleteObjects: 0.060900 ms)

========================================================================
Received Prepare
Registering precompiled user dll's ...
Registered in 0.000957 seconds.
Begin MonoManager ReloadAssembly
Native extension for WindowsStandalone target not found
Refreshing native plugins compatible for Editor in 0.24 ms, found 0 plugins.
Preloading 0 native plugins for Editor in 0.00 ms.
Invoked RoslynAnalysisRunner static constructor.
RoslynAnalysisRunner will not be running.
RoslynAnalysisRunner has terminated.
Mono: successfully reloaded assembly
- Completed reload, in  0.864 seconds
Platform modules already initialized, skipping
Refreshing native plugins compatible for Editor in 0.23 ms, found 0 plugins.
Preloading 0 native plugins for Editor in 0.00 ms.
Unloading 1423 Unused Serialized files (Serialized files now loaded: 0)
System memory in use before: 144.3 MB.
System memory in use after: 144.4 MB.

Unloading 5 unused Assets to reduce memory usage. Loaded Objects now: 1966.
Total: 1.799800 ms (FindLiveObjects: 0.143900 ms CreateObjectMapping: 0.047000 ms MarkObjects: 1.552200 ms  DeleteObjects: 0.055400 ms)

========================================================================
Received Prepare
Registering precompiled user dll's ...
Registered in 0.001484 seconds.
Begin MonoManager ReloadAssembly
Native extension for WindowsStandalone target not found
Refreshing native plugins compatible for Editor in 0.36 ms, found 0 plugins.
Preloading 0 native plugins for Editor in 0.00 ms.
Invoked RoslynAnalysisRunner static constructor.
RoslynAnalysisRunner will not be running.
RoslynAnalysisRunner has terminated.
Mono: successfully reloaded assembly
- Completed reload, in  0.835 seconds
Platform modules already initialized, skipping
Refreshing native plugins compatible for Editor in 0.23 ms, found 0 plugins.
Preloading 0 native plugins for Editor in 0.00 ms.
Unloading 1423 Unused Serialized files (Serialized files now loaded: 0)
System memory in use before: 144.3 MB.
System memory in use after: 144.4 MB.

Unloading 5 unused Assets to reduce memory usage. Loaded Objects now: 1969.
Total: 1.638300 ms (FindLiveObjects: 0.150900 ms CreateObjectMapping: 0.050200 ms MarkObjects: 1.380700 ms  DeleteObjects: 0.055500 ms)

========================================================================
Received Import Request.
  Time since last request: 104.697992 seconds.
  path: Assets/PlayerActions.inputactions
  artifactKey: Guid(df1032aec4d641949a68dd846a77c279) Importer(815301076,1909f56bfc062723c751e8b465ee728b)
Start importing Assets/PlayerActions.inputactions using Guid(df1032aec4d641949a68dd846a77c279) Importer(815301076,1909f56bfc062723c751e8b465ee728b)  -> (artifact id: '50dec725b5a205d2afadc21b1333851e') in 0.017950 seconds
  Import took 0.020075 seconds .

========================================================================
Received Import Request.
  Time since last request: 3.677408 seconds.
  path: Assets/PlayerActions.inputactions
  artifactKey: Guid(df1032aec4d641949a68dd846a77c279) Importer(815301076,1909f56bfc062723c751e8b465ee728b)
Start importing Assets/PlayerActions.inputactions using Guid(df1032aec4d641949a68dd846a77c279) Importer(815301076,1909f56bfc062723c751e8b465ee728b)  -> (artifact id: '42af94ace5f7fad729a761737eaecd85') in 0.010524 seconds
  Import took 0.013085 seconds .

========================================================================
Received Import Request.
  Time since last request: 8.869256 seconds.
  path: Assets/PlayerActions.inputactions
  artifactKey: Guid(df1032aec4d641949a68dd846a77c279) Importer(815301076,1909f56bfc062723c751e8b465ee728b)
Start importing Assets/PlayerActions.inputactions using Guid(df1032aec4d641949a68dd846a77c279) Importer(815301076,1909f56bfc062723c751e8b465ee728b)  -> (artifact id: '308ac646c57eb38674b529e6bdeba180') in 0.005816 seconds
  Import took 0.008965 seconds .

========================================================================
Received Prepare
Registering precompiled user dll's ...
Registered in 0.000897 seconds.
Begin MonoManager ReloadAssembly
Native extension for WindowsStandalone target not found
Refreshing native plugins compatible for Editor in 0.23 ms, found 0 plugins.
Preloading 0 native plugins for Editor in 0.00 ms.
Invoked RoslynAnalysisRunner static constructor.
RoslynAnalysisRunner will not be running.
RoslynAnalysisRunner has terminated.
Mono: successfully reloaded assembly
- Completed reload, in  1.399 seconds
Platform modules already initialized, skipping
Refreshing native plugins compatible for Editor in 0.23 ms, found 0 plugins.
Preloading 0 native plugins for Editor in 0.00 ms.
Unloading 1423 Unused Serialized files (Serialized files now loaded: 0)
System memory in use before: 144.3 MB.
System memory in use after: 144.4 MB.

Unloading 5 unused Assets to reduce memory usage. Loaded Objects now: 1972.
Total: 3.204100 ms (FindLiveObjects: 0.160700 ms CreateObjectMapping: 0.051500 ms MarkObjects: 2.924200 ms  DeleteObjects: 0.066200 ms)

